dailyhotel/proguard/seeds.txt
com.twoheart.dailyhotel.AlarmBroadcastReceiver
com.twoheart.dailyhotel.AlarmBroadcastReceiver: AlarmBroadcastReceiver()
com.twoheart.dailyhotel.DailyHotel
com.twoheart.dailyhotel.DailyHotel: DailyHotel()
com.twoheart.dailyhotel.GcmBroadcastReceiver
com.twoheart.dailyhotel.GcmBroadcastReceiver: GcmBroadcastReceiver()
com.twoheart.dailyhotel.GcmIntentService
com.twoheart.dailyhotel.GcmIntentService: GcmIntentService()
com.twoheart.dailyhotel.IntroActivity
com.twoheart.dailyhotel.IntroActivity: IntroActivity()
com.twoheart.dailyhotel.IntroActivity: void onClick(android.view.View)
com.twoheart.dailyhotel.MainActivity
com.twoheart.dailyhotel.MainActivity: MainActivity()
com.twoheart.dailyhotel.R$anim: int abc_fade_in
com.twoheart.dailyhotel.R$anim: int abc_fade_out
com.twoheart.dailyhotel.R$anim: int abc_slide_in_bottom
com.twoheart.dailyhotel.R$anim: int abc_slide_in_top
com.twoheart.dailyhotel.R$anim: int abc_slide_out_bottom
com.twoheart.dailyhotel.R$anim: int abc_slide_out_top
com.twoheart.dailyhotel.R$anim: int fade_in
com.twoheart.dailyhotel.R$anim: int fade_out
com.twoheart.dailyhotel.R$anim: int hold
com.twoheart.dailyhotel.R$anim: int slide_in_bottom
com.twoheart.dailyhotel.R$anim: int slide_in_left
com.twoheart.dailyhotel.R$anim: int slide_in_right
com.twoheart.dailyhotel.R$anim: int slide_out_bottom
com.twoheart.dailyhotel.R$anim: int slide_out_left
com.twoheart.dailyhotel.R$anim: int slide_out_right
com.twoheart.dailyhotel.R$attr: int actionBarDivider
com.twoheart.dailyhotel.R$attr: int actionBarItemBackground
com.twoheart.dailyhotel.R$attr: int actionBarSize
com.twoheart.dailyhotel.R$attr: int actionBarSplitStyle
com.twoheart.dailyhotel.R$attr: int actionBarStyle
com.twoheart.dailyhotel.R$attr: int actionBarTabBarStyle
com.twoheart.dailyhotel.R$attr: int actionBarTabStyle
com.twoheart.dailyhotel.R$attr: int actionBarTabTextStyle
com.twoheart.dailyhotel.R$attr: int actionBarWidgetTheme
com.twoheart.dailyhotel.R$attr: int actionButtonStyle
com.twoheart.dailyhotel.R$attr: int actionDropDownStyle
com.twoheart.dailyhotel.R$attr: int actionLayout
com.twoheart.dailyhotel.R$attr: int actionMenuTextAppearance
com.twoheart.dailyhotel.R$attr: int actionMenuTextColor
com.twoheart.dailyhotel.R$attr: int actionModeBackground
com.twoheart.dailyhotel.R$attr: int actionModeCloseButtonStyle
com.twoheart.dailyhotel.R$attr: int actionModeCloseDrawable
com.twoheart.dailyhotel.R$attr: int actionModeCopyDrawable
com.twoheart.dailyhotel.R$attr: int actionModeCutDrawable
com.twoheart.dailyhotel.R$attr: int actionModeFindDrawable
com.twoheart.dailyhotel.R$attr: int actionModePasteDrawable
com.twoheart.dailyhotel.R$attr: int actionModePopupWindowStyle
com.twoheart.dailyhotel.R$attr: int actionModeSelectAllDrawable
com.twoheart.dailyhotel.R$attr: int actionModeShareDrawable
com.twoheart.dailyhotel.R$attr: int actionModeSplitBackground
com.twoheart.dailyhotel.R$attr: int actionModeStyle
...
android.support.v4.view.PagerTitleStrip: void setSingleLineAllCaps(android.widget.TextView)
android.support.v4.view.PagerTitleStrip: void setTextSpacing(int)
android.support.v4.view.PagerTitleStrip: int getTextSpacing()
android.support.v4.view.PagerTitleStrip: void setNonPrimaryAlpha(float)
android.support.v4.view.PagerTitleStrip: void setTextColor(int)
android.support.v4.view.PagerTitleStrip: void setGravity(int)
android.support.v4.view.PagerTitleStrip: int getMinHeight()
android.support.v4.view.ViewPager
android.support.v4.view.ViewPager: ViewPager(android.content.Context)
android.support.v4.view.ViewPager: ViewPager(android.content.Context,android.util.AttributeSet)
android.support.v4.view.ViewPager: void setScrollState(int)
android.support.v4.view.ViewPager: void setAdapter(android.support.v4.view.PagerAdapter)
android.support.v4.view.ViewPager: android.support.v4.view.PagerAdapter getAdapter()
android.support.v4.view.ViewPager: void setOnAdapterChangeListener(android.support.v4.view.ViewPager$OnAdapterChangeListener)
android.support.v4.view.ViewPager: int getClientWidth()
android.support.v4.view.ViewPager: void setCurrentItem(int)
android.support.v4.view.ViewPager: int getCurrentItem()
android.support.v4.view.ViewPager: void setOnPageChangeListener(android.support.v4.view.ViewPager$OnPageChangeListener)
android.support.v4.view.ViewPager: void setChildrenDrawingOrderEnabledCompat(boolean)
android.support.v4.view.ViewPager: int getOffscreenPageLimit()
android.support.v4.view.ViewPager: void setOffscreenPageLimit(int)
android.support.v4.view.ViewPager: void setPageMargin(int)
android.support.v4.view.ViewPager: int getPageMargin()
android.support.v4.view.ViewPager: void setPageMarginDrawable(android.graphics.drawable.Drawable)
android.support.v4.view.ViewPager: void setPageMarginDrawable(int)
android.support.v4.view.ViewPager: void setScrollingCacheEnabled(boolean)
android.support.v4.view.ViewPager$SavedState
android.support.v4.view.ViewPager$SavedState: android.os.Parcelable$Creator CREATOR
android.support.v4.widget.DrawerLayout
android.support.v4.widget.DrawerLayout: DrawerLayout(android.content.Context)
android.support.v4.widget.DrawerLayout: DrawerLayout(android.content.Context,android.util.AttributeSet)
android.support.v4.widget.DrawerLayout: DrawerLayout(android.content.Context,android.util.AttributeSet,int)
android.support.v4.widget.DrawerLayout: void setScrimColor(int)
android.support.v4.widget.DrawerLayout: void setDrawerListener(android.support.v4.widget.DrawerLayout$DrawerListener)
android.support.v4.widget.DrawerLayout: void setDrawerLockMode(int)
android.support.v4.widget.DrawerLayout$SavedState
android.support.v4.widget.DrawerLayout$SavedState: android.os.Parcelable$Creator CREATOR
android.support.v4.widget.SlidingPaneLayout: void setParallaxDistance(int)
android.support.v4.widget.SlidingPaneLayout: int getParallaxDistance()
android.support.v4.widget.SlidingPaneLayout: void setSliderFadeColor(int)
android.support.v4.widget.SlidingPaneLayout: int getSliderFadeColor()
android.support.v4.widget.SlidingPaneLayout: void setCoveredFadeColor(int)
android.support.v4.widget.SlidingPaneLayout: int getCoveredFadeColor()
android.support.v4.widget.SlidingPaneLayout: void setPanelSlideListener(android.support.v4.widget.SlidingPaneLayout$PanelSlideListener)
android.support.v4.widget.SlidingPaneLayout: void setShadowDrawable(android.graphics.drawable.Drawable)
android.support.v4.widget.SlidingPaneLayout: void setShadowResource(int)
android.support.v4.widget.SlidingPaneLayout$SavedState
android.support.v4.widget.SlidingPaneLayout$SavedState: android.os.Parcelable$Creator CREATOR