dailyhotel/proguard/mapping.txt
com.twoheart.dailyhotel.AlarmBroadcastReceiver -> com.twoheart.dailyhotel.AlarmBroadcastReceiver:
    void onReceive(android.content.Context,android.content.Intent) -> onReceive
com.twoheart.dailyhotel.BookingListFragment -> com.twoheart.dailyhotel.a:
    java.util.ArrayList mItems -> a
    com.twoheart.dailyhotel.adapter.BookingListAdapter mAdapter -> k
    android.widget.RelativeLayout mEmptyLayout -> l
    android.widget.ListView mListView -> m
    android.widget.Button btnSignUp -> n
    android.view.View onCreateView(android.view.LayoutInflater,android.view.ViewGroup,android.os.Bundle) -> onCreateView
    void onStart() -> onStart
    void onResume() -> onResume
    void onClick(android.view.View) -> onClick
    void onItemClick(android.widget.AdapterView,android.view.View,int,long) -> onItemClick
    void onActivityResult(int,int,android.content.Intent) -> onActivityResult
    void dialog(java.lang.String) -> a
    void onResponse(java.lang.String,java.lang.String) -> a
    void onResponse(java.lang.String,org.json.JSONObject) -> a
com.twoheart.dailyhotel.BookingListFragment$1 -> com.twoheart.dailyhotel.b:
    com.twoheart.dailyhotel.BookingListFragment this$0 -> a
    void onClick(android.content.DialogInterface,int) -> onClick
com.twoheart.dailyhotel.CreditFragment -> com.twoheart.dailyhotel.c:
    android.widget.RelativeLayout rlCreditNotLoggedIn -> a
    android.widget.LinearLayout llCreditLoggedIn -> k
    android.widget.LinearLayout btnInvite -> l
    android.widget.Button btnLogin -> m
    android.widget.Button btnSignup -> n
    android.widget.TextView tvBonus -> o
    android.widget.TextView tvRecommenderCode -> p
    android.widget.TextView tvCredit -> q
    java.lang.String mRecommendCode -> r
    java.util.ArrayList mCreditList -> s
    android.view.View onCreateView(android.view.LayoutInflater,android.view.ViewGroup,android.os.Bundle) -> onCreateView
    void onStart() -> onStart
    void onResume() -> onResume
    void onClick(android.view.View) -> onClick
    void sendAppData(android.view.View) -> a
    void alert(java.lang.String) -> a
    void loadLoginProcess(boolean) -> a
    void onResponse(java.lang.String,org.json.JSONObject) -> a
    void onResponse(java.lang.String,java.lang.String) -> a
com.twoheart.dailyhotel.CreditListFragment -> com.twoheart.dailyhotel.d:
    android.widget.ListView mListView -> a
    com.twoheart.dailyhotel.adapter.CreditListAdapter mAdapter -> k
    java.util.List mCreditList -> l
    com.twoheart.dailyhotel.CreditListFragment newInstance(java.util.List) -> a
    void onCreate(android.os.Bundle) -> onCreate
    android.view.View onCreateView(android.view.LayoutInflater,android.view.ViewGroup,android.os.Bundle) -> onCreateView
com.twoheart.dailyhotel.DailyHotel -> com.twoheart.dailyhotel.DailyHotel:
    android.graphics.Typeface mTypeface -> a
    android.graphics.Typeface mBoldTypeface -> h
    com.google.analytics.tracking.android.GoogleAnalytics mGa -> i
    com.google.analytics.tracking.android.Tracker mTracker -> j
    void onCreate() -> onCreate
    void initializeGa() -> e
    com.google.analytics.tracking.android.Tracker getGaTracker() -> a
    com.google.analytics.tracking.android.GoogleAnalytics getGaInstance() -> b
    void initializeVolley() -> f
    void initializeFont() -> g
    android.graphics.Typeface getTypeface() -> c
    android.graphics.Typeface getBoldTypeface() -> d
    void onLowMemory() -> onLowMemory
com.twoheart.dailyhotel.DailyHotel$1 -> com.twoheart.dailyhotel.e:
    com.twoheart.dailyhotel.DailyHotel this$0 -> a
    void onSharedPreferenceChanged(android.content.SharedPreferences,java.lang.String) -> onSharedPreferenceChanged
com.twoheart.dailyhotel.ErrorFragment -> com.twoheart.dailyhotel.f:
    android.widget.Button btnRetry -> a
    android.view.View onCreateView(android.view.LayoutInflater,android.view.ViewGroup,android.os.Bundle) -> onCreateView
    void onClick(android.view.View) -> onClick
...
com.facebook.FacebookDialogException -> com.facebook.FacebookDialogException:
    long serialVersionUID -> serialVersionUID
    int errorCode -> errorCode
    java.lang.String failingUrl -> failingUrl
    int getErrorCode() -> getErrorCode
    java.lang.String getFailingUrl() -> getFailingUrl
com.facebook.FacebookException -> com.facebook.FacebookException:
    long serialVersionUID -> serialVersionUID
com.facebook.FacebookGraphObjectException -> com.facebook.FacebookGraphObjectException:
    long serialVersionUID -> serialVersionUID
com.facebook.FacebookOperationCanceledException -> com.facebook.FacebookOperationCanceledException:
    long serialVersionUID -> serialVersionUID
com.facebook.FacebookRequestError -> com.facebook.FacebookRequestError:
    int INVALID_ERROR_CODE -> INVALID_ERROR_CODE
    int INVALID_HTTP_STATUS_CODE -> INVALID_HTTP_STATUS_CODE
    int INVALID_MESSAGE_ID -> INVALID_MESSAGE_ID
    java.lang.String CODE_KEY -> CODE_KEY
    java.lang.String BODY_KEY -> BODY_KEY
    java.lang.String ERROR_KEY -> ERROR_KEY
    java.lang.String ERROR_TYPE_FIELD_KEY -> ERROR_TYPE_FIELD_KEY
    java.lang.String ERROR_CODE_FIELD_KEY -> ERROR_CODE_FIELD_KEY
    java.lang.String ERROR_MESSAGE_FIELD_KEY -> ERROR_MESSAGE_FIELD_KEY
    java.lang.String ERROR_CODE_KEY -> ERROR_CODE_KEY
    java.lang.String ERROR_SUB_CODE_KEY -> ERROR_SUB_CODE_KEY
    java.lang.String ERROR_MSG_KEY -> ERROR_MSG_KEY
    java.lang.String ERROR_REASON_KEY -> ERROR_REASON_KEY
    int EC_UNKNOWN_ERROR -> EC_UNKNOWN_ERROR
    int EC_SERVICE_UNAVAILABLE -> EC_SERVICE_UNAVAILABLE
    int EC_APP_TOO_MANY_CALLS -> EC_APP_TOO_MANY_CALLS
    int EC_USER_TOO_MANY_CALLS -> EC_USER_TOO_MANY_CALLS
    int EC_PERMISSION_DENIED -> EC_PERMISSION_DENIED
    int EC_INVALID_SESSION -> EC_INVALID_SESSION
    int EC_INVALID_TOKEN -> EC_INVALID_TOKEN
    com.facebook.FacebookRequestError$Range EC_RANGE_PERMISSION -> EC_RANGE_PERMISSION
    int EC_APP_NOT_INSTALLED -> EC_APP_NOT_INSTALLED
    int EC_USER_CHECKPOINTED -> EC_USER_CHECKPOINTED
    int EC_PASSWORD_CHANGED -> EC_PASSWORD_CHANGED
    int EC_EXPIRED -> EC_EXPIRED
    int EC_UNCONFIRMED_USER -> EC_UNCONFIRMED_USER
com.facebook.FacebookRequestError$Category -> com.facebook.FacebookRequestError$Category:
    com.facebook.FacebookRequestError$Category AUTHENTICATION_RETRY -> AUTHENTICATION_RETRY
    com.facebook.FacebookRequestError$Category AUTHENTICATION_REOPEN_SESSION -> AUTHENTICATION_REOPEN_SESSION
    com.facebook.FacebookRequestError$Category PERMISSION -> PERMISSION
    com.facebook.FacebookRequestError$Category SERVER -> SERVER
    com.facebook.FacebookRequestError$Category THROTTLING -> THROTTLING
    com.facebook.FacebookRequestError$Category OTHER -> OTHER
    com.facebook.FacebookRequestError$Category BAD_REQUEST -> BAD_REQUEST
    com.facebook.FacebookRequestError$Category CLIENT -> CLIENT
    com.facebook.FacebookRequestError$Category[] ENUM$VALUES -> ENUM$VALUES
    com.facebook.FacebookRequestError$Category[] values() -> values
    com.facebook.FacebookRequestError$Category valueOf(java.lang.String) -> valueOf
com.facebook.FacebookRequestError$Range -> com.facebook.FacebookRequestError$Range:
    int start -> start
    int end -> end
    boolean contains(int) -> contains
com.facebook.FacebookSdkVersion -> com.facebook.FacebookSdkVersion:
    java.lang.String BUILD -> BUILD
    java.lang.String MIGRATION_BUNDLE -> MIGRATION_BUNDLE
com.facebook.FacebookServiceException -> com.facebook.FacebookServiceException:
    com.facebook.FacebookRequestError error -> error
    long serialVersionUID -> serialVersionUID
    com.facebook.FacebookRequestError getRequestError() -> getRequestError
    java.lang.String toString() -> toString
com.facebook.GetTokenClient -> com.facebook.GetTokenClient:
    void populateRequestBundle(android.os.Bundle) -> populateRequestBundle