dailyhotel/proguard/usage.txt
com.twoheart.dailyhotel.BookingListFragment:
    private static final java.lang.String TAG
com.twoheart.dailyhotel.BuildConfig
com.twoheart.dailyhotel.CreditFragment:
    private static final java.lang.String TAG
    164:180:public void sendUrlLink(android.view.View)
com.twoheart.dailyhotel.CreditListFragment:
    private static final java.lang.String KEY_BUNDLE_ARGUMENTS_CREDITLIST
com.twoheart.dailyhotel.DailyHotel:
    116:118:private void initializeVolleyImageLoader()
com.twoheart.dailyhotel.GcmIntentService:
    public static final int NOTIFICATION_ID
com.twoheart.dailyhotel.HotelListFragment:
    private static final java.lang.String TAG
com.twoheart.dailyhotel.MainActivity:
    private static final java.lang.String TAG
    public static final int INDEX_HOTEL_LIST_FRAGMENT
    public static final int INDEX_BOOKING_LIST_FRAGMENT
    public static final int INDEX_CREDIT_FRAGMENT
    public static final int INDEX_SETTING_FRAGMENT
    public static final java.lang.String KEY_HOTEL_LIST_FRAGMENT
    public static final java.lang.String KEY_BOOKING_LIST_FRAGMENT
    public static final java.lang.String KEY_CREDIT_FRAGMENT
    public static final java.lang.String KEY_SEETING_FRAGMENT
    private static final java.lang.String TAG_FRAGMENT_RATING_HOTEL
    498:500:public void removeFragment(android.support.v4.app.Fragment)
    507:518:public void printPackageHashKey()
com.twoheart.dailyhotel.MainActivity$DrawerMenu:
    public static final int DRAWER_MENU_LIST_TYPE_LOGO
    public static final int DRAWER_MENU_LIST_TYPE_SECTION
    public static final int DRAWER_MENU_LIST_TYPE_ENTRY
    689:690:public void setType(int)
    697:698:public void setTitle(java.lang.String)
    705:706:public void setIcon(int)
com.twoheart.dailyhotel.Manifest
com.twoheart.dailyhotel.Manifest$permission
com.twoheart.dailyhotel.R:
    10:10:public R()
com.twoheart.dailyhotel.R$anim
com.twoheart.dailyhotel.R$attr
com.twoheart.dailyhotel.R$bool
com.twoheart.dailyhotel.R$color
com.twoheart.dailyhotel.R$dimen
com.twoheart.dailyhotel.R$drawable
com.twoheart.dailyhotel.R$id
com.twoheart.dailyhotel.R$integer
com.twoheart.dailyhotel.R$layout
com.twoheart.dailyhotel.R$menu
com.twoheart.dailyhotel.R$string
com.twoheart.dailyhotel.R$style
com.twoheart.dailyhotel.R$styleable:
    3326:3326:public R$styleable()
com.twoheart.dailyhotel.WaitTimerFragment:
    private static final java.lang.String TAG
    private static final java.lang.String KEY_BUNDLE_ARGUMENTS_SALETIME
com.twoheart.dailyhotel.activity.AboutActivity:
    private static final java.lang.String TAG
com.twoheart.dailyhotel.activity.BookingActivity:
    private static final java.lang.String TAG
    private static final int DIALOG_CONFIRM_PAYMENT_CARD
    private static final int DIALOG_CONFIRM_PAYMENT_ACCOUNT
com.twoheart.dailyhotel.activity.BookingTabActivity:
    private static final java.lang.String TAG
com.twoheart.dailyhotel.activity.EventWebActivity:
    private static final java.lang.String TAG
com.twoheart.dailyhotel.activity.FAQActivity:
    private static final java.lang.String TAG
com.twoheart.dailyhotel.activity.ForgotPwdActivity:
    private static final java.lang.String TAG
com.twoheart.dailyhotel.activity.HotelTabActivity:
    private static final java.lang.String TAG
com.twoheart.dailyhotel.activity.ImageDetailActivity:
    private static final java.lang.String TAG
com.twoheart.dailyhotel.activity.LoginActivity:
    private static final java.lang.String TAG
com.twoheart.dailyhotel.activity.NoticeActivity:
    private static final java.lang.String TAG
com.twoheart.dailyhotel.activity.PaymentActivity:
    public static final int PROGRESS_STAT_NOT_START
    public static final int PROGRESS_STAT_IN
    public static final int PROGRESS_DONE
com.twoheart.dailyhotel.activity.PaymentWaitActivity:
    private static final java.lang.String TAG
com.twoheart.dailyhotel.activity.PrivacyActivity:
    private static final java.lang.String TAG
...
com.viewpagerindicator.TitlePageIndicator$LinePosition:
    108:113:public static com.viewpagerindicator.TitlePageIndicator$LinePosition fromValue(int)
com.viewpagerindicator.UnderlinePageIndicator:
    private static final int INVALID_POINTER
    private static final int FADE_FRAME_MS
    74:75:public UnderlinePageIndicator(android.content.Context)
    78:79:public UnderlinePageIndicator(android.content.Context,android.util.AttributeSet)
    82:110:public UnderlinePageIndicator(android.content.Context,android.util.AttributeSet,int)
    290:292:public void setViewPager(android.support.v4.view.ViewPager,int)
    306:307:public void notifyDataSetChanged()
    42:42:static synthetic android.graphics.Paint access$1(com.viewpagerindicator.UnderlinePageIndicator)
    47:47:static synthetic int access$2(com.viewpagerindicator.UnderlinePageIndicator)
com.viewpagerindicator.UnderlinePageIndicator$1
fr.castorflex.android.smoothprogressbar.ColorsShape:
    21:21:public float getStrokeWidth()
    25:26:public void setStrokeWidth(float)
    29:29:public int[] getColors()
    33:34:public void setColors(int[])
fr.castorflex.android.smoothprogressbar.ContentLoadingSmoothProgressBar
fr.castorflex.android.smoothprogressbar.ContentLoadingSmoothProgressBar$1
fr.castorflex.android.smoothprogressbar.ContentLoadingSmoothProgressBar$2
fr.castorflex.android.smoothprogressbar.R:
    9:9:public R()
fr.castorflex.android.smoothprogressbar.R$attr:
    10:10:public R$attr()
fr.castorflex.android.smoothprogressbar.R$bool:
    27:27:public R$bool()
fr.castorflex.android.smoothprogressbar.R$color:
    32:32:public R$color()
fr.castorflex.android.smoothprogressbar.R$dimen:
    35:35:public R$dimen()
fr.castorflex.android.smoothprogressbar.R$id
fr.castorflex.android.smoothprogressbar.R$integer:
    45:45:public R$integer()
fr.castorflex.android.smoothprogressbar.R$string:
    49:49:public R$string()
fr.castorflex.android.smoothprogressbar.R$style
fr.castorflex.android.smoothprogressbar.R$styleable:
    56:56:public R$styleable()
fr.castorflex.android.smoothprogressbar.SmoothProgressBar:
    private static final int INTERPOLATOR_ACCELERATE
    private static final int INTERPOLATOR_LINEAR
    private static final int INTERPOLATOR_ACCELERATEDECELERATE
    private static final int INTERPOLATOR_DECELERATE
    115:188:public void applyStyle(int)
    271:272:public void progressiveStart()
    275:276:public void progressiveStop()
fr.castorflex.android.smoothprogressbar.SmoothProgressBarUtils:
    10:11:private SmoothProgressBarUtils()
fr.castorflex.android.smoothprogressbar.SmoothProgressDrawable:
    private static final long FRAME_DURATION
    private static final float OFFSET_PER_FRAME
    175:175:public android.graphics.drawable.Drawable getBackgroundDrawable()
    179:179:public int[] getColors()
    183:183:public float getStrokeWidth()
    396:397:public void progressiveStart()
    405:407:public void progressiveStart(int)
    423:425:public void progressiveStop()
fr.castorflex.android.smoothprogressbar.SmoothProgressDrawable$Builder:
    659:660:public fr.castorflex.android.smoothprogressbar.SmoothProgressDrawable$Builder callbacks(fr.castorflex.android.smoothprogressbar.SmoothProgressDrawable$Callbacks)
kr.co.kcp.android.payment.standard.ResultRcvActivity:
    public static final java.lang.String m_strLogTag
    public static final java.lang.String s_strLogTag
kr.co.kcp.util.DisplayViewPort
kr.co.kcp.util.PackageState:
    56:66:public boolean getPackageFreeloadInstallState(java.lang.String)
    71:71:public java.util.List getInstalledPackagesList()
kr.co.kcp.util.UtilActivity
uk.co.senab.actionbarpulltorefresh.extras.actionbarcompat.R:
    9:9:public R()
uk.co.senab.actionbarpulltorefresh.extras.actionbarcompat.R$anim:
    10:10:public R$anim()
uk.co.senab.actionbarpulltorefresh.extras.actionbarcompat.R$attr:
    20:20:public R$attr()
uk.co.senab.actionbarpulltorefresh.extras.actionbarcompat.R$bool